2025-07-13 17:38:46,765 - INFO - MainThread - Production database initialized successfully
2025-07-13 17:38:46,765 - INFO - MainThread - === TESTING SERIES SAVE: ACOSS/ACOSS_STAT_QUARTERLY_PAYROLL_EMPLOYMENT/payroll_not_seasonally_adjusted.ASSOC.levels.Q ===
2025-07-13 17:38:47,909 - INFO - MainThread - Saved 0 observations for ACOSS/ACOSS_STAT_QUARTERLY_PAYROLL_EMPLOYMENT/payroll_not_seasonally_adjusted.ASSOC.levels.Q in table data_acoss_acoss_stat_quarterly_payroll_emplo_e4463221
2025-07-13 17:38:47,910 - INFO - MainThread - ✅ Metadata saved: 0 records from None to None
2025-07-13 17:38:47,910 - INFO - MainThread - ✅ Actual data in table: 0 records
2025-07-13 17:38:47,910 - INFO - MainThread - Sample data:
2025-07-13 17:38:47,910 - INFO - MainThread - === DEBUGGING SERIES: ACOSS/ACOSS_STAT_QUARTERLY_PAYROLL_EMPLOYMENT/payroll_not_seasonally_adjusted.CA.levels.Q ===
2025-07-13 17:38:47,911 - INFO - MainThread - --- Test 1: params = {'observations': 1} ---
2025-07-13 17:38:48,300 - INFO - MainThread - Series keys: ['@frequency', 'dataset_code', 'dataset_name', 'dimensions', 'indexed_at', 'period', 'period_start_day', 'provider_code', 'series_code', 'series_name', 'value']
2025-07-13 17:38:48,300 - INFO - MainThread - Found 'period' array with 108 items
2025-07-13 17:38:48,300 - INFO - MainThread - Sample periods: ['1997-Q1', '1997-Q2', '1997-Q3']
2025-07-13 17:38:48,300 - INFO - MainThread - Found 'value' array with 108 items
2025-07-13 17:38:48,301 - INFO - MainThread - Sample values: [2178238356.0, 2243175467.0, 2264991579.0]
2025-07-13 17:38:48,301 - INFO - MainThread - Raw series structure (first 1000 chars):
2025-07-13 17:38:48,301 - INFO - MainThread - {
  "@frequency": "quarterly",
  "dataset_code": "ACOSS_STAT_QUARTERLY_PAYROLL_EMPLOYMENT",
  "dataset_name": "Quarterly private sector payroll and workforce",
  "dimensions": {
    "freq": "Q",
    "indicator": "payroll_not_seasonally_adjusted",
    "measurement": "levels",
    "sector": "CA"
  },
  "indexed_at": "2023-12-15T09:10:47.009Z",
  "period": [
    "1997-Q1",
    "1997-Q2",
    "1997-Q3",
    "1997-Q4",
    "1998-Q1",
    "1998-Q2",
    "1998-Q3",
    "1998-Q4",
    "1999-Q1",
    "1999-Q2",
    "1999-Q3",
    "1999-Q4",
    "2000-Q1",
    "2000-Q2",
    "2000-Q3",
    "2000-Q4",
    "2001-Q1",
    "2001-Q2",
    "2001-Q3",
    "2001-Q4",
    "2002-Q1",
    "2002-Q2",
    "2002-Q3",
    "2002-Q4",
    "2003-Q1",
    "2003-Q2",
    "2003-Q3",
    "2003-Q4",
    "2004-Q1",
    "2004-Q2",
    "2004-Q3",
    "2004-Q4",
    "2005-Q1",
    "2005-Q2",
    "2005-Q3",
    "2005-Q4",
    "2006-Q1",
    "2006-Q2",
    "2006-Q3",
    "2006-Q4",
    "2007-Q1",
    "2007-Q2",
    "2007-Q3...
2025-07-13 17:38:48,301 - INFO - MainThread - === DEBUG COMPLETE ===
2025-07-13 17:38:48,301 - INFO - MainThread - Starting production DB Nomics data scraping...
2025-07-13 17:38:48,301 - INFO - MainThread - Fetching all providers...
2025-07-13 17:38:49,506 - INFO - MainThread - Found 94 providers
2025-07-13 17:38:49,506 - INFO - MainThread - Filtered to 1 target providers
2025-07-13 17:38:49,523 - INFO - MainThread - Saved 1 providers
2025-07-13 17:38:49,524 - INFO - MainThread - Limited to 1 providers for testing
2025-07-13 17:38:49,524 - INFO - MainThread - Processing provider 1/1: ACOSS
2025-07-13 17:38:49,524 - INFO - MainThread - Fetching datasets for provider: ACOSS
2025-07-13 17:38:49,797 - INFO - MainThread - Found 2 datasets for ACOSS
2025-07-13 17:38:49,802 - INFO - MainThread - Saved 2 datasets for ACOSS
2025-07-13 17:38:49,802 - INFO - MainThread - Processing dataset 1/1: ACOSS/ACOSS_STAT_QUARTERLY_PAYROLL_EMPLOYMENT
2025-07-13 17:38:49,802 - INFO - MainThread - Fetching series for ACOSS/ACOSS_STAT_QUARTERLY_PAYROLL_EMPLOYMENT
2025-07-13 17:38:55,930 - INFO - MainThread - Found 234 series for ACOSS/ACOSS_STAT_QUARTERLY_PAYROLL_EMPLOYMENT
2025-07-13 17:38:55,930 - INFO - MainThread - Processing 234 series with 10 workers
2025-07-13 17:38:56,263 - INFO - ThreadPoolExecutor-0_0 - Saved 0 observations for ACOSS/ACOSS_STAT_QUARTERLY_PAYROLL_EMPLOYMENT/payroll_not_seasonally_adjusted.ASSOC.levels.Q in table data_acoss_acoss_stat_quarterly_payroll_emplo_e4463221
2025-07-13 17:38:56,675 - INFO - ThreadPoolExecutor-0_0 - Saved 0 observations for ACOSS/ACOSS_STAT_QUARTERLY_PAYROLL_EMPLOYMENT/payroll_not_seasonally_adjusted.CG.levels.Q in table data_acoss_acoss_stat_quarterly_payroll_emplo_bc0783a9
2025-07-13 17:38:56,896 - INFO - ThreadPoolExecutor-0_3 - Saved 0 observations for ACOSS/ACOSS_STAT_QUARTERLY_PAYROLL_EMPLOYMENT/payroll_not_seasonally_adjusted.CA.levels.Q in table data_acoss_acoss_stat_quarterly_payroll_emplo_5e3122ea
2025-07-13 17:38:57,053 - INFO - ThreadPoolExecutor-0_0 - Saved 0 observations for ACOSS/ACOSS_STAT_QUARTERLY_PAYROLL_EMPLOYMENT/payroll_not_seasonally_adjusted.CH.levels.Q in table data_acoss_acoss_stat_quarterly_payroll_emplo_a483a9bc
2025-07-13 17:38:57,093 - INFO - ThreadPoolExecutor-0_7 - Saved 0 observations for ACOSS/ACOSS_STAT_QUARTERLY_PAYROLL_EMPLOYMENT/payroll_not_seasonally_adjusted.CD.levels.Q in table data_acoss_acoss_stat_quarterly_payroll_emplo_adc964fb
2025-07-13 17:38:57,133 - INFO - ThreadPoolExecutor-0_2 - Saved 0 observations for ACOSS/ACOSS_STAT_QUARTERLY_PAYROLL_EMPLOYMENT/payroll_not_seasonally_adjusted.BZ.levels.Q in table data_acoss_acoss_stat_quarterly_payroll_emplo_048c3e0e
2025-07-13 17:38:57,158 - INFO - ThreadPoolExecutor-0_6 - Saved 0 observations for ACOSS/ACOSS_STAT_QUARTERLY_PAYROLL_EMPLOYMENT/payroll_not_seasonally_adjusted.CC.levels.Q in table data_acoss_acoss_stat_quarterly_payroll_emplo_87e8c6f5
2025-07-13 17:38:57,199 - INFO - ThreadPoolExecutor-0_1 - Saved 0 observations for ACOSS/ACOSS_STAT_QUARTERLY_PAYROLL_EMPLOYMENT/payroll_not_seasonally_adjusted.BTP.levels.Q in table data_acoss_acoss_stat_quarterly_payroll_emplo_df1aa4d9
2025-07-13 17:38:57,227 - INFO - ThreadPoolExecutor-0_8 - Saved 0 observations for ACOSS/ACOSS_STAT_QUARTERLY_PAYROLL_EMPLOYMENT/payroll_not_seasonally_adjusted.CE.levels.Q in table data_acoss_acoss_stat_quarterly_payroll_emplo_b9138c95
2025-07-13 17:38:57,258 - INFO - ThreadPoolExecutor-0_9 - Saved 0 observations for ACOSS/ACOSS_STAT_QUARTERLY_PAYROLL_EMPLOYMENT/payroll_not_seasonally_adjusted.CF.levels.Q in table data_acoss_acoss_stat_quarterly_payroll_emplo_be26debc
2025-07-13 17:38:57,258 - INFO - MainThread - Progress: 10/234 series completed
2025-07-13 17:38:57,290 - INFO - ThreadPoolExecutor-0_4 - Saved 0 observations for ACOSS/ACOSS_STAT_QUARTERLY_PAYROLL_EMPLOYMENT/payroll_not_seasonally_adjusted.CAISSE_CONGES.levels.Q in table data_acoss_acoss_stat_quarterly_payroll_emplo_3c70b9b4
2025-07-13 17:38:57,320 - INFO - ThreadPoolExecutor-0_5 - Saved 0 observations for ACOSS/ACOSS_STAT_QUARTERLY_PAYROLL_EMPLOYMENT/payroll_not_seasonally_adjusted.CB.levels.Q in table data_acoss_acoss_stat_quarterly_payroll_emplo_ffb2727d
2025-07-13 17:38:57,351 - INFO - ThreadPoolExecutor-0_3 - Saved 0 observations for ACOSS/ACOSS_STAT_QUARTERLY_PAYROLL_EMPLOYMENT/payroll_not_seasonally_adjusted.CI.levels.Q in table data_acoss_acoss_stat_quarterly_payroll_emplo_d0ebfd48
2025-07-13 17:38:57,466 - INFO - ThreadPoolExecutor-0_0 - Saved 0 observations for ACOSS/ACOSS_STAT_QUARTERLY_PAYROLL_EMPLOYMENT/payroll_not_seasonally_adjusted.CJ.levels.Q in table data_acoss_acoss_stat_quarterly_payroll_emplo_3bebc1b8
2025-07-13 17:38:57,526 - INFO - ThreadPoolExecutor-0_7 - Saved 0 observations for ACOSS/ACOSS_STAT_QUARTERLY_PAYROLL_EMPLOYMENT/payroll_not_seasonally_adjusted.CK.levels.Q in table data_acoss_acoss_stat_quarterly_payroll_emplo_5bdab0f7
2025-07-13 17:38:57,551 - INFO - ThreadPoolExecutor-0_2 - Saved 0 observations for ACOSS/ACOSS_STAT_QUARTERLY_PAYROLL_EMPLOYMENT/payroll_not_seasonally_adjusted.CL.levels.Q in table data_acoss_acoss_stat_quarterly_payroll_emplo_ea8e2739
2025-07-13 17:38:57,596 - INFO - ThreadPoolExecutor-0_6 - Saved 0 observations for ACOSS/ACOSS_STAT_QUARTERLY_PAYROLL_EMPLOYMENT/payroll_not_seasonally_adjusted.CM.levels.Q in table data_acoss_acoss_stat_quarterly_payroll_emplo_2ca81a13
2025-07-13 17:38:57,629 - INFO - ThreadPoolExecutor-0_1 - Saved 0 observations for ACOSS/ACOSS_STAT_QUARTERLY_PAYROLL_EMPLOYMENT/payroll_not_seasonally_adjusted.CONC_INSEE.levels.Q in table data_acoss_acoss_stat_quarterly_payroll_emplo_a3ed504f
2025-07-13 17:38:57,669 - INFO - ThreadPoolExecutor-0_8 - Saved 0 observations for ACOSS/ACOSS_STAT_QUARTERLY_PAYROLL_EMPLOYMENT/payroll_not_seasonally_adjusted.DZ.levels.Q in table data_acoss_acoss_stat_quarterly_payroll_emplo_374bb344
2025-07-13 17:38:57,708 - INFO - ThreadPoolExecutor-0_4 - Saved 0 observations for ACOSS/ACOSS_STAT_QUARTERLY_PAYROLL_EMPLOYMENT/payroll_not_seasonally_adjusted.FZ.levels.Q in table data_acoss_acoss_stat_quarterly_payroll_emplo_d287806d
2025-07-13 17:38:57,708 - INFO - MainThread - Progress: 20/234 series completed
2025-07-13 17:38:57,738 - INFO - ThreadPoolExecutor-0_5 - Saved 0 observations for ACOSS/ACOSS_STAT_QUARTERLY_PAYROLL_EMPLOYMENT/payroll_not_seasonally_adjusted.GZ.levels.Q in table data_acoss_acoss_stat_quarterly_payroll_emplo_a3a1d959
2025-07-13 17:38:57,767 - INFO - ThreadPoolExecutor-0_3 - Saved 0 observations for ACOSS/ACOSS_STAT_QUARTERLY_PAYROLL_EMPLOYMENT/payroll_not_seasonally_adjusted.HZ.levels.Q in table data_acoss_acoss_stat_quarterly_payroll_emplo_c27d57cf
2025-07-13 17:38:57,801 - INFO - ThreadPoolExecutor-0_9 - Saved 0 observations for ACOSS/ACOSS_STAT_QUARTERLY_PAYROLL_EMPLOYMENT/payroll_not_seasonally_adjusted.EZ.levels.Q in table data_acoss_acoss_stat_quarterly_payroll_emplo_dc79df7f
2025-07-13 17:38:57,878 - INFO - ThreadPoolExecutor-0_0 - Saved 0 observations for ACOSS/ACOSS_STAT_QUARTERLY_PAYROLL_EMPLOYMENT/payroll_not_seasonally_adjusted.INDUSTRIE.levels.Q in table data_acoss_acoss_stat_quarterly_payroll_emplo_2aef74b3
2025-07-13 17:38:57,947 - INFO - ThreadPoolExecutor-0_2 - Saved 0 observations for ACOSS/ACOSS_STAT_QUARTERLY_PAYROLL_EMPLOYMENT/payroll_not_seasonally_adjusted.ISBLSM.levels.Q in table data_acoss_acoss_stat_quarterly_payroll_emplo_0777f395
2025-07-13 17:38:57,990 - INFO - ThreadPoolExecutor-0_7 - Saved 0 observations for ACOSS/ACOSS_STAT_QUARTERLY_PAYROLL_EMPLOYMENT/payroll_not_seasonally_adjusted.INTERIM.levels.Q in table data_acoss_acoss_stat_quarterly_payroll_emplo_e1f805a8
2025-07-13 17:38:58,019 - INFO - ThreadPoolExecutor-0_6 - Saved 0 observations for ACOSS/ACOSS_STAT_QUARTERLY_PAYROLL_EMPLOYMENT/payroll_not_seasonally_adjusted.IZ.levels.Q in table data_acoss_acoss_stat_quarterly_payroll_emplo_30734a43
2025-07-13 17:38:58,050 - INFO - ThreadPoolExecutor-0_8 - Saved 0 observations for ACOSS/ACOSS_STAT_QUARTERLY_PAYROLL_EMPLOYMENT/payroll_not_seasonally_adjusted.JB.levels.Q in table data_acoss_acoss_stat_quarterly_payroll_emplo_71a05183
2025-07-13 17:38:58,081 - INFO - ThreadPoolExecutor-0_1 - Saved 0 observations for ACOSS/ACOSS_STAT_QUARTERLY_PAYROLL_EMPLOYMENT/payroll_not_seasonally_adjusted.JA.levels.Q in table data_acoss_acoss_stat_quarterly_payroll_emplo_59b170ee
2025-07-13 17:38:58,114 - INFO - ThreadPoolExecutor-0_4 - Saved 0 observations for ACOSS/ACOSS_STAT_QUARTERLY_PAYROLL_EMPLOYMENT/payroll_not_seasonally_adjusted.JC.levels.Q in table data_acoss_acoss_stat_quarterly_payroll_emplo_24b76052
2025-07-13 17:38:58,114 - INFO - MainThread - Progress: 30/234 series completed
2025-07-13 17:38:58,163 - INFO - ThreadPoolExecutor-0_5 - Saved 0 observations for ACOSS/ACOSS_STAT_QUARTERLY_PAYROLL_EMPLOYMENT/payroll_not_seasonally_adjusted.KZ.levels.Q in table data_acoss_acoss_stat_quarterly_payroll_emplo_e6558119
2025-07-13 17:38:58,190 - INFO - ThreadPoolExecutor-0_3 - Saved 0 observations for ACOSS/ACOSS_STAT_QUARTERLY_PAYROLL_EMPLOYMENT/payroll_not_seasonally_adjusted.LZ.levels.Q in table data_acoss_acoss_stat_quarterly_payroll_emplo_cf81ca37
2025-07-13 17:38:58,222 - INFO - ThreadPoolExecutor-0_9 - Saved 0 observations for ACOSS/ACOSS_STAT_QUARTERLY_PAYROLL_EMPLOYMENT/payroll_not_seasonally_adjusted.MA.levels.Q in table data_acoss_acoss_stat_quarterly_payroll_emplo_1b87f986
2025-07-13 17:38:58,278 - INFO - ThreadPoolExecutor-0_0 - Saved 0 observations for ACOSS/ACOSS_STAT_QUARTERLY_PAYROLL_EMPLOYMENT/payroll_not_seasonally_adjusted.MB.levels.Q in table data_acoss_acoss_stat_quarterly_payroll_emplo_5d4b6560
2025-07-13 17:38:58,339 - INFO - ThreadPoolExecutor-0_2 - Saved 0 observations for ACOSS/ACOSS_STAT_QUARTERLY_PAYROLL_EMPLOYMENT/payroll_not_seasonally_adjusted.MC.levels.Q in table data_acoss_acoss_stat_quarterly_payroll_emplo_d974001e
2025-07-13 17:38:58,412 - INFO - ThreadPoolExecutor-0_6 - Saved 0 observations for ACOSS/ACOSS_STAT_QUARTERLY_PAYROLL_EMPLOYMENT/payroll_not_seasonally_adjusted.N30.levels.Q in table data_acoss_acoss_stat_quarterly_payroll_emplo_361c59f3
2025-07-13 17:38:58,454 - INFO - ThreadPoolExecutor-0_7 - Saved 0 observations for ACOSS/ACOSS_STAT_QUARTERLY_PAYROLL_EMPLOYMENT/payroll_not_seasonally_adjusted.N29.levels.Q in table data_acoss_acoss_stat_quarterly_payroll_emplo_d7d6fe81
2025-07-13 17:38:58,482 - INFO - ThreadPoolExecutor-0_1 - Saved 0 observations for ACOSS/ACOSS_STAT_QUARTERLY_PAYROLL_EMPLOYMENT/payroll_not_seasonally_adjusted.N42.levels.Q in table data_acoss_acoss_stat_quarterly_payroll_emplo_aa00c09d
2025-07-13 17:38:58,514 - INFO - ThreadPoolExecutor-0_8 - Saved 0 observations for ACOSS/ACOSS_STAT_QUARTERLY_PAYROLL_EMPLOYMENT/payroll_not_seasonally_adjusted.N41.levels.Q in table data_acoss_acoss_stat_quarterly_payroll_emplo_92b49237
2025-07-13 17:38:58,544 - INFO - ThreadPoolExecutor-0_4 - Saved 0 observations for ACOSS/ACOSS_STAT_QUARTERLY_PAYROLL_EMPLOYMENT/payroll_not_seasonally_adjusted.N43.levels.Q in table data_acoss_acoss_stat_quarterly_payroll_emplo_09cad5e0
2025-07-13 17:38:58,544 - INFO - MainThread - Progress: 40/234 series completed
2025-07-13 17:38:58,575 - INFO - ThreadPoolExecutor-0_5 - Saved 0 observations for ACOSS/ACOSS_STAT_QUARTERLY_PAYROLL_EMPLOYMENT/payroll_not_seasonally_adjusted.N45.levels.Q in table data_acoss_acoss_stat_quarterly_payroll_emplo_8a164780
2025-07-13 17:38:58,624 - INFO - ThreadPoolExecutor-0_9 - Saved 0 observations for ACOSS/ACOSS_STAT_QUARTERLY_PAYROLL_EMPLOYMENT/payroll_not_seasonally_adjusted.N47.levels.Q in table data_acoss_acoss_stat_quarterly_payroll_emplo_82e9d6d9
2025-07-13 17:38:58,654 - INFO - ThreadPoolExecutor-0_3 - Saved 0 observations for ACOSS/ACOSS_STAT_QUARTERLY_PAYROLL_EMPLOYMENT/payroll_not_seasonally_adjusted.N46.levels.Q in table data_acoss_acoss_stat_quarterly_payroll_emplo_3348c2c1
2025-07-13 17:38:58,687 - INFO - ThreadPoolExecutor-0_0 - Saved 0 observations for ACOSS/ACOSS_STAT_QUARTERLY_PAYROLL_EMPLOYMENT/payroll_not_seasonally_adjusted.N55.levels.Q in table data_acoss_acoss_stat_quarterly_payroll_emplo_9b91043a
2025-07-13 17:38:58,754 - INFO - ThreadPoolExecutor-0_2 - Saved 0 observations for ACOSS/ACOSS_STAT_QUARTERLY_PAYROLL_EMPLOYMENT/payroll_not_seasonally_adjusted.N56.levels.Q in table data_acoss_acoss_stat_quarterly_payroll_emplo_a307fff1
2025-07-13 17:38:58,827 - INFO - ThreadPoolExecutor-0_6 - Saved 0 observations for ACOSS/ACOSS_STAT_QUARTERLY_PAYROLL_EMPLOYMENT/payroll_not_seasonally_adjusted.NZ.levels.Q in table data_acoss_acoss_stat_quarterly_payroll_emplo_242154a6
2025-07-13 17:38:58,881 - INFO - ThreadPoolExecutor-0_1 - Saved 0 observations for ACOSS/ACOSS_STAT_QUARTERLY_PAYROLL_EMPLOYMENT/payroll_not_seasonally_adjusted.OZ.levels.Q in table data_acoss_acoss_stat_quarterly_payroll_emplo_066bfcb4
2025-07-13 17:38:58,919 - INFO - ThreadPoolExecutor-0_8 - Saved 0 observations for ACOSS/ACOSS_STAT_QUARTERLY_PAYROLL_EMPLOYMENT/payroll_not_seasonally_adjusted.PZ.levels.Q in table data_acoss_acoss_stat_quarterly_payroll_emplo_17046b21
2025-07-13 17:38:58,950 - INFO - ThreadPoolExecutor-0_7 - Saved 0 observations for ACOSS/ACOSS_STAT_QUARTERLY_PAYROLL_EMPLOYMENT/payroll_not_seasonally_adjusted.OQ.levels.Q in table data_acoss_acoss_stat_quarterly_payroll_emplo_b4688172
2025-07-13 17:38:58,981 - INFO - ThreadPoolExecutor-0_5 - Saved 0 observations for ACOSS/ACOSS_STAT_QUARTERLY_PAYROLL_EMPLOYMENT/payroll_not_seasonally_adjusted.QB.levels.Q in table data_acoss_acoss_stat_quarterly_payroll_emplo_a8a36043
2025-07-13 17:38:58,981 - INFO - MainThread - Progress: 50/234 series completed
2025-07-13 17:38:59,021 - INFO - ThreadPoolExecutor-0_4 - Saved 0 observations for ACOSS/ACOSS_STAT_QUARTERLY_PAYROLL_EMPLOYMENT/payroll_not_seasonally_adjusted.QA.levels.Q in table data_acoss_acoss_stat_quarterly_payroll_emplo_4fc5ee0e
2025-07-13 17:38:59,052 - INFO - ThreadPoolExecutor-0_3 - Saved 0 observations for ACOSS/ACOSS_STAT_QUARTERLY_PAYROLL_EMPLOYMENT/payroll_not_seasonally_adjusted.SZ.levels.Q in table data_acoss_acoss_stat_quarterly_payroll_emplo_037bc241
2025-07-13 17:38:59,092 - INFO - ThreadPoolExecutor-0_9 - Saved 0 observations for ACOSS/ACOSS_STAT_QUARTERLY_PAYROLL_EMPLOYMENT/payroll_not_seasonally_adjusted.RZ.levels.Q in table data_acoss_acoss_stat_quarterly_payroll_emplo_fe95ffbd
2025-07-13 17:38:59,122 - INFO - ThreadPoolExecutor-0_0 - Saved 0 observations for ACOSS/ACOSS_STAT_QUARTERLY_PAYROLL_EMPLOYMENT/payroll_not_seasonally_adjusted.TERTIAIRE.levels.Q in table data_acoss_acoss_stat_quarterly_payroll_emplo_dd8b9058
2025-07-13 17:38:59,172 - INFO - ThreadPoolExecutor-0_2 - Saved 0 observations for ACOSS/ACOSS_STAT_QUARTERLY_PAYROLL_EMPLOYMENT/payroll_not_seasonally_adjusted.TERT_INTERIM.levels.Q in table data_acoss_acoss_stat_quarterly_payroll_emplo_609f978e
2025-07-13 17:38:59,242 - INFO - ThreadPoolExecutor-0_6 - Saved 0 observations for ACOSS/ACOSS_STAT_QUARTERLY_PAYROLL_EMPLOYMENT/payroll_not_seasonally_adjusted.TOT.levels.Q in table data_acoss_acoss_stat_quarterly_payroll_emplo_c15826de
2025-07-13 17:38:59,293 - INFO - ThreadPoolExecutor-0_1 - Saved 0 observations for ACOSS/ACOSS_STAT_QUARTERLY_PAYROLL_EMPLOYMENT/payroll_not_seasonally_adjusted.TOT_INTERIM.levels.Q in table data_acoss_acoss_stat_quarterly_payroll_emplo_79d019df
2025-07-13 17:38:59,329 - INFO - ThreadPoolExecutor-0_7 - Saved 0 observations for ACOSS/ACOSS_STAT_QUARTERLY_PAYROLL_EMPLOYMENT/payroll_not_seasonally_adjusted.Tert_March.levels.Q in table data_acoss_acoss_stat_quarterly_payroll_emplo_2e7443b4
2025-07-13 17:38:59,393 - INFO - ThreadPoolExecutor-0_8 - Saved 0 observations for ACOSS/ACOSS_STAT_QUARTERLY_PAYROLL_EMPLOYMENT/payroll_not_seasonally_adjusted.TZ.levels.Q in table data_acoss_acoss_stat_quarterly_payroll_emplo_89cdc69d
2025-07-13 17:38:59,435 - INFO - ThreadPoolExecutor-0_5 - Saved 0 observations for ACOSS/ACOSS_STAT_QUARTERLY_PAYROLL_EMPLOYMENT/payroll_seasonally_adjusted.ASSOC.levels.Q in table data_acoss_acoss_stat_quarterly_payroll_emplo_f34e2fd5
2025-07-13 17:38:59,435 - INFO - MainThread - Progress: 60/234 series completed
2025-07-13 17:38:59,507 - INFO - ThreadPoolExecutor-0_4 - Saved 0 observations for ACOSS/ACOSS_STAT_QUARTERLY_PAYROLL_EMPLOYMENT/payroll_seasonally_adjusted.BTP.levels.Q in table data_acoss_acoss_stat_quarterly_payroll_emplo_c5d37669
2025-07-13 17:38:59,550 - INFO - ThreadPoolExecutor-0_3 - Saved 0 observations for ACOSS/ACOSS_STAT_QUARTERLY_PAYROLL_EMPLOYMENT/payroll_seasonally_adjusted.BZ.levels.Q in table data_acoss_acoss_stat_quarterly_payroll_emplo_48f8983d
2025-07-13 17:38:59,576 - INFO - ThreadPoolExecutor-0_9 - Saved 0 observations for ACOSS/ACOSS_STAT_QUARTERLY_PAYROLL_EMPLOYMENT/payroll_seasonally_adjusted.CA.levels.Q in table data_acoss_acoss_stat_quarterly_payroll_emplo_1362dd4d
2025-07-13 17:38:59,605 - INFO - ThreadPoolExecutor-0_0 - Saved 0 observations for ACOSS/ACOSS_STAT_QUARTERLY_PAYROLL_EMPLOYMENT/payroll_seasonally_adjusted.CAISSE_CONGES.levels.Q in table data_acoss_acoss_stat_quarterly_payroll_emplo_a25c51d3
2025-07-13 17:38:59,636 - INFO - ThreadPoolExecutor-0_2 - Saved 0 observations for ACOSS/ACOSS_STAT_QUARTERLY_PAYROLL_EMPLOYMENT/payroll_seasonally_adjusted.CB.levels.Q in table data_acoss_acoss_stat_quarterly_payroll_emplo_dbc8c7a8
2025-07-13 17:38:59,668 - INFO - ThreadPoolExecutor-0_6 - Saved 0 observations for ACOSS/ACOSS_STAT_QUARTERLY_PAYROLL_EMPLOYMENT/payroll_seasonally_adjusted.CC.levels.Q in table data_acoss_acoss_stat_quarterly_payroll_emplo_1439702f
2025-07-13 17:38:59,706 - INFO - ThreadPoolExecutor-0_1 - Saved 0 observations for ACOSS/ACOSS_STAT_QUARTERLY_PAYROLL_EMPLOYMENT/payroll_seasonally_adjusted.CD.levels.Q in table data_acoss_acoss_stat_quarterly_payroll_emplo_0b6d9e44
2025-07-13 17:38:59,729 - INFO - ThreadPoolExecutor-0_7 - Saved 0 observations for ACOSS/ACOSS_STAT_QUARTERLY_PAYROLL_EMPLOYMENT/payroll_seasonally_adjusted.CE.levels.Q in table data_acoss_acoss_stat_quarterly_payroll_emplo_2b507163
2025-07-13 17:38:59,785 - INFO - ThreadPoolExecutor-0_8 - Saved 0 observations for ACOSS/ACOSS_STAT_QUARTERLY_PAYROLL_EMPLOYMENT/payroll_seasonally_adjusted.CF.levels.Q in table data_acoss_acoss_stat_quarterly_payroll_emplo_64094f4d
2025-07-13 17:38:59,854 - INFO - ThreadPoolExecutor-0_5 - Saved 0 observations for ACOSS/ACOSS_STAT_QUARTERLY_PAYROLL_EMPLOYMENT/payroll_seasonally_adjusted.CG.levels.Q in table data_acoss_acoss_stat_quarterly_payroll_emplo_dd55d9e2
2025-07-13 17:38:59,854 - INFO - MainThread - Progress: 70/234 series completed
2025-07-13 17:38:59,951 - INFO - ThreadPoolExecutor-0_4 - Saved 0 observations for ACOSS/ACOSS_STAT_QUARTERLY_PAYROLL_EMPLOYMENT/payroll_seasonally_adjusted.CH.levels.Q in table data_acoss_acoss_stat_quarterly_payroll_emplo_16442409
2025-07-13 17:38:59,982 - INFO - ThreadPoolExecutor-0_3 - Saved 0 observations for ACOSS/ACOSS_STAT_QUARTERLY_PAYROLL_EMPLOYMENT/payroll_seasonally_adjusted.CI.levels.Q in table data_acoss_acoss_stat_quarterly_payroll_emplo_d031664c
2025-07-13 17:39:00,014 - INFO - ThreadPoolExecutor-0_0 - Saved 0 observations for ACOSS/ACOSS_STAT_QUARTERLY_PAYROLL_EMPLOYMENT/payroll_seasonally_adjusted.CK.levels.Q in table data_acoss_acoss_stat_quarterly_payroll_emplo_3c9aba7b
2025-07-13 17:39:00,045 - INFO - ThreadPoolExecutor-0_9 - Saved 0 observations for ACOSS/ACOSS_STAT_QUARTERLY_PAYROLL_EMPLOYMENT/payroll_seasonally_adjusted.CJ.levels.Q in table data_acoss_acoss_stat_quarterly_payroll_emplo_bf584e7b
2025-07-13 17:39:00,082 - INFO - ThreadPoolExecutor-0_6 - Saved 0 observations for ACOSS/ACOSS_STAT_QUARTERLY_PAYROLL_EMPLOYMENT/payroll_seasonally_adjusted.CM.levels.Q in table data_acoss_acoss_stat_quarterly_payroll_emplo_8e3df63e
2025-07-13 17:39:00,121 - INFO - ThreadPoolExecutor-0_2 - Saved 0 observations for ACOSS/ACOSS_STAT_QUARTERLY_PAYROLL_EMPLOYMENT/payroll_seasonally_adjusted.CL.levels.Q in table data_acoss_acoss_stat_quarterly_payroll_emplo_22bb2605
2025-07-13 17:39:00,152 - INFO - ThreadPoolExecutor-0_1 - Saved 0 observations for ACOSS/ACOSS_STAT_QUARTERLY_PAYROLL_EMPLOYMENT/payroll_seasonally_adjusted.CONC_INSEE.levels.Q in table data_acoss_acoss_stat_quarterly_payroll_emplo_06dd3c0a
2025-07-13 17:39:00,181 - INFO - ThreadPoolExecutor-0_7 - Saved 0 observations for ACOSS/ACOSS_STAT_QUARTERLY_PAYROLL_EMPLOYMENT/payroll_seasonally_adjusted.DZ.levels.Q in table data_acoss_acoss_stat_quarterly_payroll_emplo_f0388c1a
2025-07-13 17:39:00,216 - INFO - ThreadPoolExecutor-0_8 - Saved 0 observations for ACOSS/ACOSS_STAT_QUARTERLY_PAYROLL_EMPLOYMENT/payroll_seasonally_adjusted.EZ.levels.Q in table data_acoss_acoss_stat_quarterly_payroll_emplo_6bd01d05
2025-07-13 17:39:00,285 - INFO - ThreadPoolExecutor-0_5 - Saved 0 observations for ACOSS/ACOSS_STAT_QUARTERLY_PAYROLL_EMPLOYMENT/payroll_seasonally_adjusted.FZ.levels.Q in table data_acoss_acoss_stat_quarterly_payroll_emplo_d75ee78c
2025-07-13 17:39:00,285 - INFO - MainThread - Progress: 80/234 series completed
2025-07-13 17:39:00,369 - INFO - ThreadPoolExecutor-0_4 - Saved 0 observations for ACOSS/ACOSS_STAT_QUARTERLY_PAYROLL_EMPLOYMENT/payroll_seasonally_adjusted.GZ.levels.Q in table data_acoss_acoss_stat_quarterly_payroll_emplo_cdbe07ef
2025-07-13 17:39:00,417 - INFO - ThreadPoolExecutor-0_3 - Saved 0 observations for ACOSS/ACOSS_STAT_QUARTERLY_PAYROLL_EMPLOYMENT/payroll_seasonally_adjusted.HZ.levels.Q in table data_acoss_acoss_stat_quarterly_payroll_emplo_6eb91be4
2025-07-13 17:39:00,453 - INFO - ThreadPoolExecutor-0_9 - Saved 0 observations for ACOSS/ACOSS_STAT_QUARTERLY_PAYROLL_EMPLOYMENT/payroll_seasonally_adjusted.INTERIM.levels.Q in table data_acoss_acoss_stat_quarterly_payroll_emplo_a3cb0da5
2025-07-13 17:39:00,488 - INFO - ThreadPoolExecutor-0_6 - Saved 0 observations for ACOSS/ACOSS_STAT_QUARTERLY_PAYROLL_EMPLOYMENT/payroll_seasonally_adjusted.IZ.levels.Q in table data_acoss_acoss_stat_quarterly_payroll_emplo_9abbeff3
2025-07-13 17:39:00,548 - INFO - ThreadPoolExecutor-0_0 - Saved 0 observations for ACOSS/ACOSS_STAT_QUARTERLY_PAYROLL_EMPLOYMENT/payroll_seasonally_adjusted.INDUSTRIE.levels.Q in table data_acoss_acoss_stat_quarterly_payroll_emplo_6a22f60a
2025-07-13 17:39:00,584 - INFO - ThreadPoolExecutor-0_1 - Saved 0 observations for ACOSS/ACOSS_STAT_QUARTERLY_PAYROLL_EMPLOYMENT/payroll_seasonally_adjusted.JB.levels.Q in table data_acoss_acoss_stat_quarterly_payroll_emplo_45882ba0
2025-07-13 17:39:00,615 - INFO - ThreadPoolExecutor-0_2 - Saved 0 observations for ACOSS/ACOSS_STAT_QUARTERLY_PAYROLL_EMPLOYMENT/payroll_seasonally_adjusted.JA.levels.Q in table data_acoss_acoss_stat_quarterly_payroll_emplo_c24aef3f
2025-07-13 17:39:00,648 - INFO - ThreadPoolExecutor-0_7 - Saved 0 observations for ACOSS/ACOSS_STAT_QUARTERLY_PAYROLL_EMPLOYMENT/payroll_seasonally_adjusted.JC.levels.Q in table data_acoss_acoss_stat_quarterly_payroll_emplo_dccce8fd
2025-07-13 17:39:00,710 - INFO - ThreadPoolExecutor-0_8 - Saved 0 observations for ACOSS/ACOSS_STAT_QUARTERLY_PAYROLL_EMPLOYMENT/payroll_seasonally_adjusted.KZ.levels.Q in table data_acoss_acoss_stat_quarterly_payroll_emplo_16f558c3
2025-07-13 17:39:00,757 - INFO - ThreadPoolExecutor-0_5 - Saved 0 observations for ACOSS/ACOSS_STAT_QUARTERLY_PAYROLL_EMPLOYMENT/payroll_seasonally_adjusted.LZ.levels.Q in table data_acoss_acoss_stat_quarterly_payroll_emplo_a5e33678
2025-07-13 17:39:00,757 - INFO - MainThread - Progress: 90/234 series completed
2025-07-13 17:39:00,802 - INFO - ThreadPoolExecutor-0_4 - Saved 0 observations for ACOSS/ACOSS_STAT_QUARTERLY_PAYROLL_EMPLOYMENT/payroll_seasonally_adjusted.MA.levels.Q in table data_acoss_acoss_stat_quarterly_payroll_emplo_dc3bb7f9
2025-07-13 17:39:00,851 - INFO - ThreadPoolExecutor-0_9 - Saved 0 observations for ACOSS/ACOSS_STAT_QUARTERLY_PAYROLL_EMPLOYMENT/payroll_seasonally_adjusted.MC.levels.Q in table data_acoss_acoss_stat_quarterly_payroll_emplo_9141000e
2025-07-13 17:39:00,908 - INFO - ThreadPoolExecutor-0_3 - Saved 0 observations for ACOSS/ACOSS_STAT_QUARTERLY_PAYROLL_EMPLOYMENT/payroll_seasonally_adjusted.MB.levels.Q in table data_acoss_acoss_stat_quarterly_payroll_emplo_6a7771c6
2025-07-13 17:39:00,959 - INFO - ThreadPoolExecutor-0_6 - Saved 0 observations for ACOSS/ACOSS_STAT_QUARTERLY_PAYROLL_EMPLOYMENT/payroll_seasonally_adjusted.N29.levels.Q in table data_acoss_acoss_stat_quarterly_payroll_emplo_64844d05
2025-07-13 17:39:01,001 - INFO - ThreadPoolExecutor-0_1 - Saved 0 observations for ACOSS/ACOSS_STAT_QUARTERLY_PAYROLL_EMPLOYMENT/payroll_seasonally_adjusted.N41.levels.Q in table data_acoss_acoss_stat_quarterly_payroll_emplo_fd10a303
2025-07-13 17:39:01,039 - INFO - ThreadPoolExecutor-0_0 - Saved 0 observations for ACOSS/ACOSS_STAT_QUARTERLY_PAYROLL_EMPLOYMENT/payroll_seasonally_adjusted.N30.levels.Q in table data_acoss_acoss_stat_quarterly_payroll_emplo_34f5ebd3
2025-07-13 17:39:01,115 - INFO - ThreadPoolExecutor-0_2 - Saved 0 observations for ACOSS/ACOSS_STAT_QUARTERLY_PAYROLL_EMPLOYMENT/payroll_seasonally_adjusted.N42.levels.Q in table data_acoss_acoss_stat_quarterly_payroll_emplo_ee30a60c
2025-07-13 17:39:01,144 - INFO - ThreadPoolExecutor-0_7 - Saved 0 observations for ACOSS/ACOSS_STAT_QUARTERLY_PAYROLL_EMPLOYMENT/payroll_seasonally_adjusted.N43.levels.Q in table data_acoss_acoss_stat_quarterly_payroll_emplo_01245104
2025-07-13 17:39:01,171 - INFO - ThreadPoolExecutor-0_8 - Saved 0 observations for ACOSS/ACOSS_STAT_QUARTERLY_PAYROLL_EMPLOYMENT/payroll_seasonally_adjusted.N45.levels.Q in table data_acoss_acoss_stat_quarterly_payroll_emplo_2cf31a9d
2025-07-13 17:39:01,220 - INFO - ThreadPoolExecutor-0_4 - Saved 0 observations for ACOSS/ACOSS_STAT_QUARTERLY_PAYROLL_EMPLOYMENT/payroll_seasonally_adjusted.N47.levels.Q in table data_acoss_acoss_stat_quarterly_payroll_emplo_0c890a91
2025-07-13 17:39:01,220 - INFO - MainThread - Progress: 100/234 series completed
2025-07-13 17:39:01,269 - INFO - ThreadPoolExecutor-0_5 - Saved 0 observations for ACOSS/ACOSS_STAT_QUARTERLY_PAYROLL_EMPLOYMENT/payroll_seasonally_adjusted.N46.levels.Q in table data_acoss_acoss_stat_quarterly_payroll_emplo_df47a7ec
2025-07-13 17:39:01,304 - INFO - ThreadPoolExecutor-0_3 - Saved 0 observations for ACOSS/ACOSS_STAT_QUARTERLY_PAYROLL_EMPLOYMENT/payroll_seasonally_adjusted.N56.levels.Q in table data_acoss_acoss_stat_quarterly_payroll_emplo_645472be
2025-07-13 17:39:01,336 - INFO - ThreadPoolExecutor-0_6 - Saved 0 observations for ACOSS/ACOSS_STAT_QUARTERLY_PAYROLL_EMPLOYMENT/payroll_seasonally_adjusted.NZ.levels.Q in table data_acoss_acoss_stat_quarterly_payroll_emplo_463c3a29
2025-07-13 17:39:01,390 - INFO - ThreadPoolExecutor-0_1 - Saved 0 observations for ACOSS/ACOSS_STAT_QUARTERLY_PAYROLL_EMPLOYMENT/payroll_seasonally_adjusted.OQ.levels.Q in table data_acoss_acoss_stat_quarterly_payroll_emplo_5f8dfe3c
2025-07-13 17:39:01,424 - INFO - ThreadPoolExecutor-0_9 - Saved 0 observations for ACOSS/ACOSS_STAT_QUARTERLY_PAYROLL_EMPLOYMENT/payroll_seasonally_adjusted.N55.levels.Q in table data_acoss_acoss_stat_quarterly_payroll_emplo_a8189a1c
2025-07-13 17:39:01,453 - INFO - ThreadPoolExecutor-0_0 - Saved 0 observations for ACOSS/ACOSS_STAT_QUARTERLY_PAYROLL_EMPLOYMENT/payroll_seasonally_adjusted.OZ.levels.Q in table data_acoss_acoss_stat_quarterly_payroll_emplo_ef013e99
2025-07-13 17:39:01,528 - INFO - ThreadPoolExecutor-0_2 - Saved 0 observations for ACOSS/ACOSS_STAT_QUARTERLY_PAYROLL_EMPLOYMENT/payroll_seasonally_adjusted.PZ.levels.Q in table data_acoss_acoss_stat_quarterly_payroll_emplo_3a341dc1
2025-07-13 17:39:01,592 - INFO - ThreadPoolExecutor-0_8 - Saved 0 observations for ACOSS/ACOSS_STAT_QUARTERLY_PAYROLL_EMPLOYMENT/payroll_seasonally_adjusted.QB.levels.Q in table data_acoss_acoss_stat_quarterly_payroll_emplo_5ef0f923
2025-07-13 17:39:01,632 - INFO - ThreadPoolExecutor-0_7 - Saved 0 observations for ACOSS/ACOSS_STAT_QUARTERLY_PAYROLL_EMPLOYMENT/payroll_seasonally_adjusted.QA.levels.Q in table data_acoss_acoss_stat_quarterly_payroll_emplo_453450b5
2025-07-13 17:39:01,685 - INFO - ThreadPoolExecutor-0_4 - Saved 0 observations for ACOSS/ACOSS_STAT_QUARTERLY_PAYROLL_EMPLOYMENT/payroll_seasonally_adjusted.RZ.levels.Q in table data_acoss_acoss_stat_quarterly_payroll_emplo_79a2d531
2025-07-13 17:39:01,685 - INFO - MainThread - Progress: 110/234 series completed
2025-07-13 17:39:01,725 - INFO - ThreadPoolExecutor-0_3 - Saved 0 observations for ACOSS/ACOSS_STAT_QUARTERLY_PAYROLL_EMPLOYMENT/payroll_seasonally_adjusted.TERTIAIRE.levels.Q in table data_acoss_acoss_stat_quarterly_payroll_emplo_f7f694da
2025-07-13 17:39:01,783 - INFO - ThreadPoolExecutor-0_5 - Saved 0 observations for ACOSS/ACOSS_STAT_QUARTERLY_PAYROLL_EMPLOYMENT/payroll_seasonally_adjusted.SZ.levels.Q in table data_acoss_acoss_stat_quarterly_payroll_emplo_0f962244
2025-07-13 17:39:01,850 - INFO - ThreadPoolExecutor-0_6 - Saved 0 observations for ACOSS/ACOSS_STAT_QUARTERLY_PAYROLL_EMPLOYMENT/payroll_seasonally_adjusted.TERT_INTERIM.levels.Q in table data_acoss_acoss_stat_quarterly_payroll_emplo_3d4b4247
2025-07-13 17:39:01,879 - INFO - ThreadPoolExecutor-0_9 - Saved 0 observations for ACOSS/ACOSS_STAT_QUARTERLY_PAYROLL_EMPLOYMENT/payroll_seasonally_adjusted.TOT_INTERIM.levels.Q in table data_acoss_acoss_stat_quarterly_payroll_emplo_01fc820c
2025-07-13 17:39:01,905 - INFO - ThreadPoolExecutor-0_0 - Saved 0 observations for ACOSS/ACOSS_STAT_QUARTERLY_PAYROLL_EMPLOYMENT/payroll_seasonally_adjusted.TZ.levels.Q in table data_acoss_acoss_stat_quarterly_payroll_emplo_e825cbe1
2025-07-13 17:39:01,933 - INFO - ThreadPoolExecutor-0_1 - Saved 0 observations for ACOSS/ACOSS_STAT_QUARTERLY_PAYROLL_EMPLOYMENT/payroll_seasonally_adjusted.TOT.levels.Q in table data_acoss_acoss_stat_quarterly_payroll_emplo_5503afbe
2025-07-13 17:39:01,979 - INFO - ThreadPoolExecutor-0_2 - Saved 0 observations for ACOSS/ACOSS_STAT_QUARTERLY_PAYROLL_EMPLOYMENT/payroll_seasonally_adjusted.Tert_March.levels.Q in table data_acoss_acoss_stat_quarterly_payroll_emplo_01594779
2025-07-13 17:39:02,039 - INFO - ThreadPoolExecutor-0_8 - Saved 0 observations for ACOSS/ACOSS_STAT_QUARTERLY_PAYROLL_EMPLOYMENT/workforce_not_seasonally_adjusted.ASSOC.levels.Q in table data_acoss_acoss_stat_quarterly_payroll_emplo_4700f8dd
2025-07-13 17:39:02,100 - INFO - ThreadPoolExecutor-0_7 - Saved 0 observations for ACOSS/ACOSS_STAT_QUARTERLY_PAYROLL_EMPLOYMENT/workforce_not_seasonally_adjusted.BTP.levels.Q in table data_acoss_acoss_stat_quarterly_payroll_emplo_4afc9fb3
2025-07-13 17:39:02,145 - INFO - ThreadPoolExecutor-0_4 - Saved 0 observations for ACOSS/ACOSS_STAT_QUARTERLY_PAYROLL_EMPLOYMENT/workforce_not_seasonally_adjusted.BZ.levels.Q in table data_acoss_acoss_stat_quarterly_payroll_emplo_694a9a17
2025-07-13 17:39:02,145 - INFO - MainThread - Progress: 120/234 series completed
2025-07-13 17:39:02,196 - INFO - ThreadPoolExecutor-0_3 - Saved 0 observations for ACOSS/ACOSS_STAT_QUARTERLY_PAYROLL_EMPLOYMENT/workforce_not_seasonally_adjusted.CA.levels.Q in table data_acoss_acoss_stat_quarterly_payroll_emplo_07eed14b
2025-07-13 17:39:02,254 - INFO - ThreadPoolExecutor-0_5 - Saved 0 observations for ACOSS/ACOSS_STAT_QUARTERLY_PAYROLL_EMPLOYMENT/workforce_not_seasonally_adjusted.CAISSE_CONGES.levels.Q in table data_acoss_acoss_stat_quarterly_payroll_emplo_834d718e
2025-07-13 17:39:02,370 - INFO - ThreadPoolExecutor-0_0 - Saved 0 observations for ACOSS/ACOSS_STAT_QUARTERLY_PAYROLL_EMPLOYMENT/workforce_not_seasonally_adjusted.CD.levels.Q in table data_acoss_acoss_stat_quarterly_payroll_emplo_168e85f9
2025-07-13 17:39:02,415 - INFO - ThreadPoolExecutor-0_6 - Saved 0 observations for ACOSS/ACOSS_STAT_QUARTERLY_PAYROLL_EMPLOYMENT/workforce_not_seasonally_adjusted.CB.levels.Q in table data_acoss_acoss_stat_quarterly_payroll_emplo_12327334
2025-07-13 17:39:02,627 - INFO - ThreadPoolExecutor-0_9 - Saved 0 observations for ACOSS/ACOSS_STAT_QUARTERLY_PAYROLL_EMPLOYMENT/workforce_not_seasonally_adjusted.CC.levels.Q in table data_acoss_acoss_stat_quarterly_payroll_emplo_13db6b8d
2025-07-13 17:39:02,659 - INFO - ThreadPoolExecutor-0_1 - Saved 0 observations for ACOSS/ACOSS_STAT_QUARTERLY_PAYROLL_EMPLOYMENT/workforce_not_seasonally_adjusted.CE.levels.Q in table data_acoss_acoss_stat_quarterly_payroll_emplo_7deea5e5
2025-07-13 17:39:02,702 - INFO - ThreadPoolExecutor-0_2 - Saved 0 observations for ACOSS/ACOSS_STAT_QUARTERLY_PAYROLL_EMPLOYMENT/workforce_not_seasonally_adjusted.CF.levels.Q in table data_acoss_acoss_stat_quarterly_payroll_emplo_a308bb71
2025-07-13 17:39:02,732 - INFO - ThreadPoolExecutor-0_8 - Saved 0 observations for ACOSS/ACOSS_STAT_QUARTERLY_PAYROLL_EMPLOYMENT/workforce_not_seasonally_adjusted.CG.levels.Q in table data_acoss_acoss_stat_quarterly_payroll_emplo_cc158fd2
2025-07-13 17:39:02,797 - INFO - ThreadPoolExecutor-0_4 - Saved 0 observations for ACOSS/ACOSS_STAT_QUARTERLY_PAYROLL_EMPLOYMENT/workforce_not_seasonally_adjusted.CI.levels.Q in table data_acoss_acoss_stat_quarterly_payroll_emplo_65a406aa
2025-07-13 17:39:02,876 - INFO - ThreadPoolExecutor-0_3 - Saved 0 observations for ACOSS/ACOSS_STAT_QUARTERLY_PAYROLL_EMPLOYMENT/workforce_not_seasonally_adjusted.CJ.levels.Q in table data_acoss_acoss_stat_quarterly_payroll_emplo_bd6509e1
2025-07-13 17:39:02,877 - INFO - MainThread - Progress: 130/234 series completed
2025-07-13 17:39:02,903 - INFO - ThreadPoolExecutor-0_6 - Saved 0 observations for ACOSS/ACOSS_STAT_QUARTERLY_PAYROLL_EMPLOYMENT/workforce_not_seasonally_adjusted.CM.levels.Q in table data_acoss_acoss_stat_quarterly_payroll_emplo_82f10c60
2025-07-13 17:39:02,948 - INFO - ThreadPoolExecutor-0_0 - Saved 0 observations for ACOSS/ACOSS_STAT_QUARTERLY_PAYROLL_EMPLOYMENT/workforce_not_seasonally_adjusted.CL.levels.Q in table data_acoss_acoss_stat_quarterly_payroll_emplo_073ac382
2025-07-13 17:39:03,001 - INFO - ThreadPoolExecutor-0_7 - Saved 0 observations for ACOSS/ACOSS_STAT_QUARTERLY_PAYROLL_EMPLOYMENT/workforce_not_seasonally_adjusted.CH.levels.Q in table data_acoss_acoss_stat_quarterly_payroll_emplo_90e185a0
2025-07-13 17:39:03,064 - INFO - ThreadPoolExecutor-0_5 - Saved 0 observations for ACOSS/ACOSS_STAT_QUARTERLY_PAYROLL_EMPLOYMENT/workforce_not_seasonally_adjusted.CK.levels.Q in table data_acoss_acoss_stat_quarterly_payroll_emplo_03bdd8eb
2025-07-13 17:39:03,092 - INFO - ThreadPoolExecutor-0_9 - Saved 0 observations for ACOSS/ACOSS_STAT_QUARTERLY_PAYROLL_EMPLOYMENT/workforce_not_seasonally_adjusted.CONC_INSEE.levels.Q in table data_acoss_acoss_stat_quarterly_payroll_emplo_1a2cb6c9
2025-07-13 17:39:03,147 - INFO - ThreadPoolExecutor-0_2 - Saved 0 observations for ACOSS/ACOSS_STAT_QUARTERLY_PAYROLL_EMPLOYMENT/workforce_not_seasonally_adjusted.EZ.levels.Q in table data_acoss_acoss_stat_quarterly_payroll_emplo_9740290b
2025-07-13 17:39:03,186 - INFO - ThreadPoolExecutor-0_1 - Saved 0 observations for ACOSS/ACOSS_STAT_QUARTERLY_PAYROLL_EMPLOYMENT/workforce_not_seasonally_adjusted.DZ.levels.Q in table data_acoss_acoss_stat_quarterly_payroll_emplo_06ec5fb1
2025-07-13 17:39:03,218 - INFO - ThreadPoolExecutor-0_8 - Saved 0 observations for ACOSS/ACOSS_STAT_QUARTERLY_PAYROLL_EMPLOYMENT/workforce_not_seasonally_adjusted.FZ.levels.Q in table data_acoss_acoss_stat_quarterly_payroll_emplo_2f3161b3
2025-07-13 17:39:03,303 - INFO - ThreadPoolExecutor-0_3 - Saved 0 observations for ACOSS/ACOSS_STAT_QUARTERLY_PAYROLL_EMPLOYMENT/workforce_not_seasonally_adjusted.HZ.levels.Q in table data_acoss_acoss_stat_quarterly_payroll_emplo_cba477f7
2025-07-13 17:39:03,333 - INFO - ThreadPoolExecutor-0_4 - Saved 0 observations for ACOSS/ACOSS_STAT_QUARTERLY_PAYROLL_EMPLOYMENT/workforce_not_seasonally_adjusted.GZ.levels.Q in table data_acoss_acoss_stat_quarterly_payroll_emplo_c44dd240
2025-07-13 17:39:03,333 - INFO - MainThread - Progress: 140/234 series completed
2025-07-13 17:39:03,371 - INFO - ThreadPoolExecutor-0_6 - Saved 0 observations for ACOSS/ACOSS_STAT_QUARTERLY_PAYROLL_EMPLOYMENT/workforce_not_seasonally_adjusted.INDUSTRIE.levels.Q in table data_acoss_acoss_stat_quarterly_payroll_emplo_365d445e
2025-07-13 17:39:03,459 - INFO - ThreadPoolExecutor-0_0 - Saved 0 observations for ACOSS/ACOSS_STAT_QUARTERLY_PAYROLL_EMPLOYMENT/workforce_not_seasonally_adjusted.INTERIM.levels.Q in table data_acoss_acoss_stat_quarterly_payroll_emplo_716905d3
2025-07-13 17:39:03,487 - INFO - ThreadPoolExecutor-0_7 - Saved 0 observations for ACOSS/ACOSS_STAT_QUARTERLY_PAYROLL_EMPLOYMENT/workforce_not_seasonally_adjusted.ISBLSM.levels.Q in table data_acoss_acoss_stat_quarterly_payroll_emplo_44fac021
2025-07-13 17:39:03,524 - INFO - ThreadPoolExecutor-0_9 - Saved 0 observations for ACOSS/ACOSS_STAT_QUARTERLY_PAYROLL_EMPLOYMENT/workforce_not_seasonally_adjusted.JA.levels.Q in table data_acoss_acoss_stat_quarterly_payroll_emplo_172b8a42
2025-07-13 17:39:03,561 - INFO - ThreadPoolExecutor-0_5 - Saved 0 observations for ACOSS/ACOSS_STAT_QUARTERLY_PAYROLL_EMPLOYMENT/workforce_not_seasonally_adjusted.IZ.levels.Q in table data_acoss_acoss_stat_quarterly_payroll_emplo_aea0d66d
2025-07-13 17:39:03,620 - INFO - ThreadPoolExecutor-0_2 - Saved 0 observations for ACOSS/ACOSS_STAT_QUARTERLY_PAYROLL_EMPLOYMENT/workforce_not_seasonally_adjusted.JB.levels.Q in table data_acoss_acoss_stat_quarterly_payroll_emplo_bde1f096
2025-07-13 17:39:03,655 - INFO - ThreadPoolExecutor-0_8 - Saved 0 observations for ACOSS/ACOSS_STAT_QUARTERLY_PAYROLL_EMPLOYMENT/workforce_not_seasonally_adjusted.KZ.levels.Q in table data_acoss_acoss_stat_quarterly_payroll_emplo_642df9ad
2025-07-13 17:39:03,714 - INFO - ThreadPoolExecutor-0_1 - Saved 0 observations for ACOSS/ACOSS_STAT_QUARTERLY_PAYROLL_EMPLOYMENT/workforce_not_seasonally_adjusted.JC.levels.Q in table data_acoss_acoss_stat_quarterly_payroll_emplo_35653e88
2025-07-13 17:39:03,759 - INFO - ThreadPoolExecutor-0_4 - Saved 0 observations for ACOSS/ACOSS_STAT_QUARTERLY_PAYROLL_EMPLOYMENT/workforce_not_seasonally_adjusted.MA.levels.Q in table data_acoss_acoss_stat_quarterly_payroll_emplo_bcdbcfcf
2025-07-13 17:39:03,840 - INFO - ThreadPoolExecutor-0_3 - Saved 0 observations for ACOSS/ACOSS_STAT_QUARTERLY_PAYROLL_EMPLOYMENT/workforce_not_seasonally_adjusted.LZ.levels.Q in table data_acoss_acoss_stat_quarterly_payroll_emplo_653678c9
2025-07-13 17:39:03,840 - INFO - MainThread - Progress: 150/234 series completed
2025-07-13 17:39:03,893 - INFO - ThreadPoolExecutor-0_6 - Saved 0 observations for ACOSS/ACOSS_STAT_QUARTERLY_PAYROLL_EMPLOYMENT/workforce_not_seasonally_adjusted.MB.levels.Q in table data_acoss_acoss_stat_quarterly_payroll_emplo_def24698
2025-07-13 17:39:03,949 - INFO - ThreadPoolExecutor-0_7 - Saved 0 observations for ACOSS/ACOSS_STAT_QUARTERLY_PAYROLL_EMPLOYMENT/workforce_not_seasonally_adjusted.N29.levels.Q in table data_acoss_acoss_stat_quarterly_payroll_emplo_6c490612
2025-07-13 17:39:03,977 - INFO - ThreadPoolExecutor-0_0 - Saved 0 observations for ACOSS/ACOSS_STAT_QUARTERLY_PAYROLL_EMPLOYMENT/workforce_not_seasonally_adjusted.MC.levels.Q in table data_acoss_acoss_stat_quarterly_payroll_emplo_7cd37b40
2025-07-13 17:39:04,038 - INFO - ThreadPoolExecutor-0_9 - Saved 0 observations for ACOSS/ACOSS_STAT_QUARTERLY_PAYROLL_EMPLOYMENT/workforce_not_seasonally_adjusted.N30.levels.Q in table data_acoss_acoss_stat_quarterly_payroll_emplo_61f7fdcd
2025-07-13 17:39:04,109 - INFO - ThreadPoolExecutor-0_8 - Saved 0 observations for ACOSS/ACOSS_STAT_QUARTERLY_PAYROLL_EMPLOYMENT/workforce_not_seasonally_adjusted.N43.levels.Q in table data_acoss_acoss_stat_quarterly_payroll_emplo_f0a9d091
2025-07-13 17:39:04,148 - INFO - ThreadPoolExecutor-0_2 - Saved 0 observations for ACOSS/ACOSS_STAT_QUARTERLY_PAYROLL_EMPLOYMENT/workforce_not_seasonally_adjusted.N42.levels.Q in table data_acoss_acoss_stat_quarterly_payroll_emplo_4b5c892c
2025-07-13 17:39:04,178 - INFO - ThreadPoolExecutor-0_5 - Saved 0 observations for ACOSS/ACOSS_STAT_QUARTERLY_PAYROLL_EMPLOYMENT/workforce_not_seasonally_adjusted.N41.levels.Q in table data_acoss_acoss_stat_quarterly_payroll_emplo_81b88c58
2025-07-13 17:39:04,208 - INFO - ThreadPoolExecutor-0_1 - Saved 0 observations for ACOSS/ACOSS_STAT_QUARTERLY_PAYROLL_EMPLOYMENT/workforce_not_seasonally_adjusted.N45.levels.Q in table data_acoss_acoss_stat_quarterly_payroll_emplo_471760e7
2025-07-13 17:39:04,245 - INFO - ThreadPoolExecutor-0_4 - Saved 0 observations for ACOSS/ACOSS_STAT_QUARTERLY_PAYROLL_EMPLOYMENT/workforce_not_seasonally_adjusted.N46.levels.Q in table data_acoss_acoss_stat_quarterly_payroll_emplo_ab3c4c12
2025-07-13 17:39:04,310 - INFO - ThreadPoolExecutor-0_3 - Saved 0 observations for ACOSS/ACOSS_STAT_QUARTERLY_PAYROLL_EMPLOYMENT/workforce_not_seasonally_adjusted.N47.levels.Q in table data_acoss_acoss_stat_quarterly_payroll_emplo_05b61ef1
2025-07-13 17:39:04,310 - INFO - MainThread - Progress: 160/234 series completed
2025-07-13 17:39:04,365 - INFO - ThreadPoolExecutor-0_6 - Saved 0 observations for ACOSS/ACOSS_STAT_QUARTERLY_PAYROLL_EMPLOYMENT/workforce_not_seasonally_adjusted.N55.levels.Q in table data_acoss_acoss_stat_quarterly_payroll_emplo_270f1dcf
2025-07-13 17:39:04,427 - INFO - ThreadPoolExecutor-0_7 - Saved 0 observations for ACOSS/ACOSS_STAT_QUARTERLY_PAYROLL_EMPLOYMENT/workforce_not_seasonally_adjusted.N56.levels.Q in table data_acoss_acoss_stat_quarterly_payroll_emplo_3c3a6835
2025-07-13 17:39:04,474 - INFO - ThreadPoolExecutor-0_9 - Saved 0 observations for ACOSS/ACOSS_STAT_QUARTERLY_PAYROLL_EMPLOYMENT/workforce_not_seasonally_adjusted.OQ.levels.Q in table data_acoss_acoss_stat_quarterly_payroll_emplo_36393c16
2025-07-13 17:39:04,523 - INFO - ThreadPoolExecutor-0_8 - Saved 0 observations for ACOSS/ACOSS_STAT_QUARTERLY_PAYROLL_EMPLOYMENT/workforce_not_seasonally_adjusted.OZ.levels.Q in table data_acoss_acoss_stat_quarterly_payroll_emplo_3d662deb
2025-07-13 17:39:04,552 - INFO - ThreadPoolExecutor-0_0 - Saved 0 observations for ACOSS/ACOSS_STAT_QUARTERLY_PAYROLL_EMPLOYMENT/workforce_not_seasonally_adjusted.NZ.levels.Q in table data_acoss_acoss_stat_quarterly_payroll_emplo_0fac0437
2025-07-13 17:39:04,590 - INFO - ThreadPoolExecutor-0_5 - Saved 0 observations for ACOSS/ACOSS_STAT_QUARTERLY_PAYROLL_EMPLOYMENT/workforce_not_seasonally_adjusted.QA.levels.Q in table data_acoss_acoss_stat_quarterly_payroll_emplo_ee262968
2025-07-13 17:39:04,694 - INFO - ThreadPoolExecutor-0_1 - Saved 0 observations for ACOSS/ACOSS_STAT_QUARTERLY_PAYROLL_EMPLOYMENT/workforce_not_seasonally_adjusted.QB.levels.Q in table data_acoss_acoss_stat_quarterly_payroll_emplo_f430d684
2025-07-13 17:39:04,724 - INFO - ThreadPoolExecutor-0_4 - Saved 0 observations for ACOSS/ACOSS_STAT_QUARTERLY_PAYROLL_EMPLOYMENT/workforce_not_seasonally_adjusted.RZ.levels.Q in table data_acoss_acoss_stat_quarterly_payroll_emplo_f0f5c0eb
2025-07-13 17:39:04,765 - INFO - ThreadPoolExecutor-0_2 - Saved 0 observations for ACOSS/ACOSS_STAT_QUARTERLY_PAYROLL_EMPLOYMENT/workforce_not_seasonally_adjusted.PZ.levels.Q in table data_acoss_acoss_stat_quarterly_payroll_emplo_676cdc0b
2025-07-13 17:39:04,819 - INFO - ThreadPoolExecutor-0_6 - Saved 0 observations for ACOSS/ACOSS_STAT_QUARTERLY_PAYROLL_EMPLOYMENT/workforce_not_seasonally_adjusted.TERTIAIRE.levels.Q in table data_acoss_acoss_stat_quarterly_payroll_emplo_89449d5e
2025-07-13 17:39:04,819 - INFO - MainThread - Progress: 170/234 series completed
2025-07-13 17:39:04,881 - INFO - ThreadPoolExecutor-0_3 - Saved 0 observations for ACOSS/ACOSS_STAT_QUARTERLY_PAYROLL_EMPLOYMENT/workforce_not_seasonally_adjusted.SZ.levels.Q in table data_acoss_acoss_stat_quarterly_payroll_emplo_3b5ebdaa
2025-07-13 17:39:04,911 - INFO - ThreadPoolExecutor-0_7 - Saved 0 observations for ACOSS/ACOSS_STAT_QUARTERLY_PAYROLL_EMPLOYMENT/workforce_not_seasonally_adjusted.TERT_INTERIM.levels.Q in table data_acoss_acoss_stat_quarterly_payroll_emplo_78f6fe84
2025-07-13 17:39:05,013 - INFO - ThreadPoolExecutor-0_8 - Saved 0 observations for ACOSS/ACOSS_STAT_QUARTERLY_PAYROLL_EMPLOYMENT/workforce_not_seasonally_adjusted.TOT_INTERIM.levels.Q in table data_acoss_acoss_stat_quarterly_payroll_emplo_ef144569
2025-07-13 17:39:05,125 - INFO - ThreadPoolExecutor-0_0 - Saved 0 observations for ACOSS/ACOSS_STAT_QUARTERLY_PAYROLL_EMPLOYMENT/workforce_not_seasonally_adjusted.TZ.levels.Q in table data_acoss_acoss_stat_quarterly_payroll_emplo_19398089
2025-07-13 17:39:05,241 - INFO - ThreadPoolExecutor-0_5 - Saved 0 observations for ACOSS/ACOSS_STAT_QUARTERLY_PAYROLL_EMPLOYMENT/workforce_not_seasonally_adjusted.Tert_March.levels.Q in table data_acoss_acoss_stat_quarterly_payroll_emplo_9e1077bd
2025-07-13 17:39:05,272 - INFO - ThreadPoolExecutor-0_9 - Saved 0 observations for ACOSS/ACOSS_STAT_QUARTERLY_PAYROLL_EMPLOYMENT/workforce_not_seasonally_adjusted.TOT.levels.Q in table data_acoss_acoss_stat_quarterly_payroll_emplo_2431b0fa
2025-07-13 17:39:05,301 - INFO - ThreadPoolExecutor-0_1 - Saved 0 observations for ACOSS/ACOSS_STAT_QUARTERLY_PAYROLL_EMPLOYMENT/workforce_seasonally_adjusted.ASSOC.levels.Q in table data_acoss_acoss_stat_quarterly_payroll_emplo_064f0f3b
2025-07-13 17:39:05,352 - INFO - ThreadPoolExecutor-0_4 - Saved 0 observations for ACOSS/ACOSS_STAT_QUARTERLY_PAYROLL_EMPLOYMENT/workforce_seasonally_adjusted.BTP.levels.Q in table data_acoss_acoss_stat_quarterly_payroll_emplo_dd105baf
2025-07-13 17:39:05,382 - INFO - ThreadPoolExecutor-0_6 - Saved 0 observations for ACOSS/ACOSS_STAT_QUARTERLY_PAYROLL_EMPLOYMENT/workforce_seasonally_adjusted.CA.levels.Q in table data_acoss_acoss_stat_quarterly_payroll_emplo_7554b119
2025-07-13 17:39:05,411 - INFO - ThreadPoolExecutor-0_2 - Saved 0 observations for ACOSS/ACOSS_STAT_QUARTERLY_PAYROLL_EMPLOYMENT/workforce_seasonally_adjusted.BZ.levels.Q in table data_acoss_acoss_stat_quarterly_payroll_emplo_dbe1621a
2025-07-13 17:39:05,411 - INFO - MainThread - Progress: 180/234 series completed
2025-07-13 17:39:05,456 - INFO - ThreadPoolExecutor-0_3 - Saved 0 observations for ACOSS/ACOSS_STAT_QUARTERLY_PAYROLL_EMPLOYMENT/workforce_seasonally_adjusted.CAISSE_CONGES.levels.Q in table data_acoss_acoss_stat_quarterly_payroll_emplo_6258c4db
2025-07-13 17:39:05,525 - INFO - ThreadPoolExecutor-0_7 - Saved 0 observations for ACOSS/ACOSS_STAT_QUARTERLY_PAYROLL_EMPLOYMENT/workforce_seasonally_adjusted.CB.levels.Q in table data_acoss_acoss_stat_quarterly_payroll_emplo_6b37cfa8
2025-07-13 17:39:05,573 - INFO - ThreadPoolExecutor-0_8 - Saved 0 observations for ACOSS/ACOSS_STAT_QUARTERLY_PAYROLL_EMPLOYMENT/workforce_seasonally_adjusted.CC.levels.Q in table data_acoss_acoss_stat_quarterly_payroll_emplo_0e00cda9
2025-07-13 17:39:05,612 - INFO - ThreadPoolExecutor-0_0 - Saved 0 observations for ACOSS/ACOSS_STAT_QUARTERLY_PAYROLL_EMPLOYMENT/workforce_seasonally_adjusted.CD.levels.Q in table data_acoss_acoss_stat_quarterly_payroll_emplo_027b4609
2025-07-13 17:39:05,656 - INFO - ThreadPoolExecutor-0_5 - Saved 0 observations for ACOSS/ACOSS_STAT_QUARTERLY_PAYROLL_EMPLOYMENT/workforce_seasonally_adjusted.CE.levels.Q in table data_acoss_acoss_stat_quarterly_payroll_emplo_5d553dcb
2025-07-13 17:39:05,710 - INFO - ThreadPoolExecutor-0_9 - Saved 0 observations for ACOSS/ACOSS_STAT_QUARTERLY_PAYROLL_EMPLOYMENT/workforce_seasonally_adjusted.CF.levels.Q in table data_acoss_acoss_stat_quarterly_payroll_emplo_1b0d0055
2025-07-13 17:39:05,756 - INFO - ThreadPoolExecutor-0_1 - Saved 0 observations for ACOSS/ACOSS_STAT_QUARTERLY_PAYROLL_EMPLOYMENT/workforce_seasonally_adjusted.CG.levels.Q in table data_acoss_acoss_stat_quarterly_payroll_emplo_aba52589
2025-07-13 17:39:05,843 - INFO - ThreadPoolExecutor-0_6 - Saved 0 observations for ACOSS/ACOSS_STAT_QUARTERLY_PAYROLL_EMPLOYMENT/workforce_seasonally_adjusted.CI.levels.Q in table data_acoss_acoss_stat_quarterly_payroll_emplo_bb0e648b
2025-07-13 17:39:05,891 - INFO - ThreadPoolExecutor-0_4 - Saved 0 observations for ACOSS/ACOSS_STAT_QUARTERLY_PAYROLL_EMPLOYMENT/workforce_seasonally_adjusted.CH.levels.Q in table data_acoss_acoss_stat_quarterly_payroll_emplo_845b45de
2025-07-13 17:39:05,951 - INFO - ThreadPoolExecutor-0_2 - Saved 0 observations for ACOSS/ACOSS_STAT_QUARTERLY_PAYROLL_EMPLOYMENT/workforce_seasonally_adjusted.CJ.levels.Q in table data_acoss_acoss_stat_quarterly_payroll_emplo_3e9d53ba
2025-07-13 17:39:05,951 - INFO - MainThread - Progress: 190/234 series completed
2025-07-13 17:39:06,005 - INFO - ThreadPoolExecutor-0_3 - Saved 0 observations for ACOSS/ACOSS_STAT_QUARTERLY_PAYROLL_EMPLOYMENT/workforce_seasonally_adjusted.CK.levels.Q in table data_acoss_acoss_stat_quarterly_payroll_emplo_335db307
2025-07-13 17:39:06,034 - INFO - ThreadPoolExecutor-0_7 - Saved 0 observations for ACOSS/ACOSS_STAT_QUARTERLY_PAYROLL_EMPLOYMENT/workforce_seasonally_adjusted.CL.levels.Q in table data_acoss_acoss_stat_quarterly_payroll_emplo_0f8cd06c
2025-07-13 17:39:06,089 - INFO - ThreadPoolExecutor-0_0 - Saved 0 observations for ACOSS/ACOSS_STAT_QUARTERLY_PAYROLL_EMPLOYMENT/workforce_seasonally_adjusted.CONC_INSEE.levels.Q in table data_acoss_acoss_stat_quarterly_payroll_emplo_0d3b9e3c
2025-07-13 17:39:06,151 - INFO - ThreadPoolExecutor-0_8 - Saved 0 observations for ACOSS/ACOSS_STAT_QUARTERLY_PAYROLL_EMPLOYMENT/workforce_seasonally_adjusted.CM.levels.Q in table data_acoss_acoss_stat_quarterly_payroll_emplo_a9f3379c
2025-07-13 17:39:06,207 - INFO - ThreadPoolExecutor-0_5 - Saved 0 observations for ACOSS/ACOSS_STAT_QUARTERLY_PAYROLL_EMPLOYMENT/workforce_seasonally_adjusted.DZ.levels.Q in table data_acoss_acoss_stat_quarterly_payroll_emplo_e8d5427d
2025-07-13 17:39:06,261 - INFO - ThreadPoolExecutor-0_9 - Saved 0 observations for ACOSS/ACOSS_STAT_QUARTERLY_PAYROLL_EMPLOYMENT/workforce_seasonally_adjusted.EZ.levels.Q in table data_acoss_acoss_stat_quarterly_payroll_emplo_889c7cdb
2025-07-13 17:39:06,309 - INFO - ThreadPoolExecutor-0_1 - Saved 0 observations for ACOSS/ACOSS_STAT_QUARTERLY_PAYROLL_EMPLOYMENT/workforce_seasonally_adjusted.FZ.levels.Q in table data_acoss_acoss_stat_quarterly_payroll_emplo_72c9ad93
2025-07-13 17:39:06,354 - INFO - ThreadPoolExecutor-0_6 - Saved 0 observations for ACOSS/ACOSS_STAT_QUARTERLY_PAYROLL_EMPLOYMENT/workforce_seasonally_adjusted.GZ.levels.Q in table data_acoss_acoss_stat_quarterly_payroll_emplo_4a3a9a74
2025-07-13 17:39:06,384 - INFO - ThreadPoolExecutor-0_4 - Saved 0 observations for ACOSS/ACOSS_STAT_QUARTERLY_PAYROLL_EMPLOYMENT/workforce_seasonally_adjusted.HZ.levels.Q in table data_acoss_acoss_stat_quarterly_payroll_emplo_0daeb515
2025-07-13 17:39:06,434 - INFO - ThreadPoolExecutor-0_2 - Saved 0 observations for ACOSS/ACOSS_STAT_QUARTERLY_PAYROLL_EMPLOYMENT/workforce_seasonally_adjusted.INDUSTRIE.levels.Q in table data_acoss_acoss_stat_quarterly_payroll_emplo_a503da38
2025-07-13 17:39:06,434 - INFO - MainThread - Progress: 200/234 series completed
2025-07-13 17:39:06,471 - INFO - ThreadPoolExecutor-0_3 - Saved 0 observations for ACOSS/ACOSS_STAT_QUARTERLY_PAYROLL_EMPLOYMENT/workforce_seasonally_adjusted.INTERIM.levels.Q in table data_acoss_acoss_stat_quarterly_payroll_emplo_a5e2f8f2
2025-07-13 17:39:06,509 - INFO - ThreadPoolExecutor-0_0 - Saved 0 observations for ACOSS/ACOSS_STAT_QUARTERLY_PAYROLL_EMPLOYMENT/workforce_seasonally_adjusted.JA.levels.Q in table data_acoss_acoss_stat_quarterly_payroll_emplo_8262ed89
2025-07-13 17:39:06,556 - INFO - ThreadPoolExecutor-0_7 - Saved 0 observations for ACOSS/ACOSS_STAT_QUARTERLY_PAYROLL_EMPLOYMENT/workforce_seasonally_adjusted.IZ.levels.Q in table data_acoss_acoss_stat_quarterly_payroll_emplo_46968226
2025-07-13 17:39:06,595 - INFO - ThreadPoolExecutor-0_8 - Saved 0 observations for ACOSS/ACOSS_STAT_QUARTERLY_PAYROLL_EMPLOYMENT/workforce_seasonally_adjusted.JB.levels.Q in table data_acoss_acoss_stat_quarterly_payroll_emplo_16e31af7
2025-07-13 17:39:06,658 - INFO - ThreadPoolExecutor-0_5 - Saved 0 observations for ACOSS/ACOSS_STAT_QUARTERLY_PAYROLL_EMPLOYMENT/workforce_seasonally_adjusted.JC.levels.Q in table data_acoss_acoss_stat_quarterly_payroll_emplo_19deff5f
2025-07-13 17:39:06,707 - INFO - ThreadPoolExecutor-0_9 - Saved 0 observations for ACOSS/ACOSS_STAT_QUARTERLY_PAYROLL_EMPLOYMENT/workforce_seasonally_adjusted.KZ.levels.Q in table data_acoss_acoss_stat_quarterly_payroll_emplo_ec4482e7
2025-07-13 17:39:06,751 - INFO - ThreadPoolExecutor-0_1 - Saved 0 observations for ACOSS/ACOSS_STAT_QUARTERLY_PAYROLL_EMPLOYMENT/workforce_seasonally_adjusted.LZ.levels.Q in table data_acoss_acoss_stat_quarterly_payroll_emplo_dd9a77a1
2025-07-13 17:39:06,790 - INFO - ThreadPoolExecutor-0_6 - Saved 0 observations for ACOSS/ACOSS_STAT_QUARTERLY_PAYROLL_EMPLOYMENT/workforce_seasonally_adjusted.MA.levels.Q in table data_acoss_acoss_stat_quarterly_payroll_emplo_daf12b92
2025-07-13 17:39:06,848 - INFO - ThreadPoolExecutor-0_4 - Saved 0 observations for ACOSS/ACOSS_STAT_QUARTERLY_PAYROLL_EMPLOYMENT/workforce_seasonally_adjusted.MB.levels.Q in table data_acoss_acoss_stat_quarterly_payroll_emplo_9fd181d9
2025-07-13 17:39:06,897 - INFO - ThreadPoolExecutor-0_2 - Saved 0 observations for ACOSS/ACOSS_STAT_QUARTERLY_PAYROLL_EMPLOYMENT/workforce_seasonally_adjusted.MC.levels.Q in table data_acoss_acoss_stat_quarterly_payroll_emplo_930c9a70
2025-07-13 17:39:06,897 - INFO - MainThread - Progress: 210/234 series completed
2025-07-13 17:39:06,965 - INFO - ThreadPoolExecutor-0_3 - Saved 0 observations for ACOSS/ACOSS_STAT_QUARTERLY_PAYROLL_EMPLOYMENT/workforce_seasonally_adjusted.N29.levels.Q in table data_acoss_acoss_stat_quarterly_payroll_emplo_aa15db40
2025-07-13 17:39:07,058 - INFO - ThreadPoolExecutor-0_0 - Saved 0 observations for ACOSS/ACOSS_STAT_QUARTERLY_PAYROLL_EMPLOYMENT/workforce_seasonally_adjusted.N30.levels.Q in table data_acoss_acoss_stat_quarterly_payroll_emplo_4e3f78c3
2025-07-13 17:39:07,103 - INFO - ThreadPoolExecutor-0_8 - Saved 0 observations for ACOSS/ACOSS_STAT_QUARTERLY_PAYROLL_EMPLOYMENT/workforce_seasonally_adjusted.N42.levels.Q in table data_acoss_acoss_stat_quarterly_payroll_emplo_b12877c7
2025-07-13 17:39:07,187 - INFO - ThreadPoolExecutor-0_7 - Saved 0 observations for ACOSS/ACOSS_STAT_QUARTERLY_PAYROLL_EMPLOYMENT/workforce_seasonally_adjusted.N41.levels.Q in table data_acoss_acoss_stat_quarterly_payroll_emplo_2fa52e1c
2025-07-13 17:39:07,228 - INFO - ThreadPoolExecutor-0_5 - Saved 0 observations for ACOSS/ACOSS_STAT_QUARTERLY_PAYROLL_EMPLOYMENT/workforce_seasonally_adjusted.N43.levels.Q in table data_acoss_acoss_stat_quarterly_payroll_emplo_3260b631
2025-07-13 17:39:07,258 - INFO - ThreadPoolExecutor-0_1 - Saved 0 observations for ACOSS/ACOSS_STAT_QUARTERLY_PAYROLL_EMPLOYMENT/workforce_seasonally_adjusted.N46.levels.Q in table data_acoss_acoss_stat_quarterly_payroll_emplo_2d8abead
2025-07-13 17:39:07,367 - INFO - ThreadPoolExecutor-0_6 - Saved 0 observations for ACOSS/ACOSS_STAT_QUARTERLY_PAYROLL_EMPLOYMENT/workforce_seasonally_adjusted.N47.levels.Q in table data_acoss_acoss_stat_quarterly_payroll_emplo_71efa1c1
2025-07-13 17:39:07,418 - INFO - ThreadPoolExecutor-0_4 - Saved 0 observations for ACOSS/ACOSS_STAT_QUARTERLY_PAYROLL_EMPLOYMENT/workforce_seasonally_adjusted.N55.levels.Q in table data_acoss_acoss_stat_quarterly_payroll_emplo_dee3aca4
2025-07-13 17:39:07,451 - INFO - ThreadPoolExecutor-0_2 - Saved 0 observations for ACOSS/ACOSS_STAT_QUARTERLY_PAYROLL_EMPLOYMENT/workforce_seasonally_adjusted.N56.levels.Q in table data_acoss_acoss_stat_quarterly_payroll_emplo_49e87b12
2025-07-13 17:39:07,482 - INFO - ThreadPoolExecutor-0_3 - Saved 0 observations for ACOSS/ACOSS_STAT_QUARTERLY_PAYROLL_EMPLOYMENT/workforce_seasonally_adjusted.NZ.levels.Q in table data_acoss_acoss_stat_quarterly_payroll_emplo_0a97b3ab
2025-07-13 17:39:07,482 - INFO - MainThread - Progress: 220/234 series completed
2025-07-13 17:39:07,521 - INFO - ThreadPoolExecutor-0_8 - Saved 0 observations for ACOSS/ACOSS_STAT_QUARTERLY_PAYROLL_EMPLOYMENT/workforce_seasonally_adjusted.OZ.levels.Q in table data_acoss_acoss_stat_quarterly_payroll_emplo_eb9af1cb
2025-07-13 17:39:07,593 - INFO - ThreadPoolExecutor-0_0 - Saved 0 observations for ACOSS/ACOSS_STAT_QUARTERLY_PAYROLL_EMPLOYMENT/workforce_seasonally_adjusted.OQ.levels.Q in table data_acoss_acoss_stat_quarterly_payroll_emplo_5e1dddcf
2025-07-13 17:39:07,684 - INFO - ThreadPoolExecutor-0_7 - Saved 0 observations for ACOSS/ACOSS_STAT_QUARTERLY_PAYROLL_EMPLOYMENT/workforce_seasonally_adjusted.PZ.levels.Q in table data_acoss_acoss_stat_quarterly_payroll_emplo_57ccea15
2025-07-13 17:39:07,717 - INFO - ThreadPoolExecutor-0_5 - Saved 0 observations for ACOSS/ACOSS_STAT_QUARTERLY_PAYROLL_EMPLOYMENT/workforce_seasonally_adjusted.QA.levels.Q in table data_acoss_acoss_stat_quarterly_payroll_emplo_895f1da7
2025-07-13 17:39:07,759 - INFO - ThreadPoolExecutor-0_1 - Saved 0 observations for ACOSS/ACOSS_STAT_QUARTERLY_PAYROLL_EMPLOYMENT/workforce_seasonally_adjusted.QB.levels.Q in table data_acoss_acoss_stat_quarterly_payroll_emplo_37e64388
2025-07-13 17:39:07,815 - INFO - ThreadPoolExecutor-0_6 - Saved 0 observations for ACOSS/ACOSS_STAT_QUARTERLY_PAYROLL_EMPLOYMENT/workforce_seasonally_adjusted.RZ.levels.Q in table data_acoss_acoss_stat_quarterly_payroll_emplo_92e5e3f3
2025-07-13 17:39:07,908 - INFO - ThreadPoolExecutor-0_4 - Saved 0 observations for ACOSS/ACOSS_STAT_QUARTERLY_PAYROLL_EMPLOYMENT/workforce_seasonally_adjusted.SZ.levels.Q in table data_acoss_acoss_stat_quarterly_payroll_emplo_2f194bcb
2025-07-13 17:39:08,011 - INFO - ThreadPoolExecutor-0_2 - Saved 0 observations for ACOSS/ACOSS_STAT_QUARTERLY_PAYROLL_EMPLOYMENT/workforce_seasonally_adjusted.TERTIAIRE.levels.Q in table data_acoss_acoss_stat_quarterly_payroll_emplo_d08b6b01
2025-07-13 17:39:08,202 - INFO - ThreadPoolExecutor-0_8 - Saved 0 observations for ACOSS/ACOSS_STAT_QUARTERLY_PAYROLL_EMPLOYMENT/workforce_seasonally_adjusted.TOT.levels.Q in table data_acoss_acoss_stat_quarterly_payroll_emplo_94f406e1
2025-07-13 17:39:08,250 - INFO - ThreadPoolExecutor-0_3 - Saved 0 observations for ACOSS/ACOSS_STAT_QUARTERLY_PAYROLL_EMPLOYMENT/workforce_seasonally_adjusted.TERT_INTERIM.levels.Q in table data_acoss_acoss_stat_quarterly_payroll_emplo_fe0d1e8b
2025-07-13 17:39:08,251 - INFO - MainThread - Progress: 230/234 series completed
2025-07-13 17:39:08,297 - INFO - ThreadPoolExecutor-0_0 - Saved 0 observations for ACOSS/ACOSS_STAT_QUARTERLY_PAYROLL_EMPLOYMENT/workforce_seasonally_adjusted.TOT_INTERIM.levels.Q in table data_acoss_acoss_stat_quarterly_payroll_emplo_533753ff
2025-07-13 17:39:08,332 - INFO - ThreadPoolExecutor-0_7 - Saved 0 observations for ACOSS/ACOSS_STAT_QUARTERLY_PAYROLL_EMPLOYMENT/workforce_seasonally_adjusted.TZ.levels.Q in table data_acoss_acoss_stat_quarterly_payroll_emplo_ca89fb51
2025-07-13 17:39:08,364 - INFO - ThreadPoolExecutor-0_5 - Saved 0 observations for ACOSS/ACOSS_STAT_QUARTERLY_PAYROLL_EMPLOYMENT/workforce_seasonally_adjusted.Tert_March.levels.Q in table data_acoss_acoss_stat_quarterly_payroll_emplo_59513c5f
2025-07-13 17:39:09,965 - INFO - ThreadPoolExecutor-0_9 - Saved 0 observations for ACOSS/ACOSS_STAT_QUARTERLY_PAYROLL_EMPLOYMENT/workforce_seasonally_adjusted.N45.levels.Q in table data_acoss_acoss_stat_quarterly_payroll_emplo_d4bb78c0
2025-07-13 17:39:09,966 - INFO - MainThread - Completed dataset: ACOSS/ACOSS_STAT_QUARTERLY_PAYROLL_EMPLOYMENT
2025-07-13 17:39:09,966 - INFO - MainThread - Completed provider: ACOSS
2025-07-13 17:39:09,966 - INFO - MainThread - Complete scraping finished!
2025-07-13 17:39:09,972 - INFO - MainThread - ================================================================================
2025-07-13 17:39:09,972 - INFO - MainThread - PRODUCTION SCRAPING STATISTICS
2025-07-13 17:39:09,972 - INFO - MainThread - ================================================================================
2025-07-13 17:39:09,972 - INFO - MainThread - Runtime: 0:00:23.207297
2025-07-13 17:39:09,972 - INFO - MainThread - Providers: 1
2025-07-13 17:39:09,972 - INFO - MainThread - Datasets: 2
2025-07-13 17:39:09,972 - INFO - MainThread - Series: 234
2025-07-13 17:39:09,973 - INFO - MainThread - Data Tables: 234
2025-07-13 17:39:09,973 - INFO - MainThread - Observations: 0
2025-07-13 17:39:09,973 - INFO - MainThread - Database Size: 6.75 MB
2025-07-13 17:39:09,973 - INFO - MainThread - Fresh (24h): 234
2025-07-13 17:39:09,973 - INFO - MainThread - Stale (24h): 0
2025-07-13 17:39:09,973 - INFO - MainThread - Errors: 0
2025-07-13 17:39:09,973 - INFO - MainThread - Freshness Checks: 235
2025-07-13 17:39:09,973 - INFO - MainThread - 
Top Providers by Series Count:
2025-07-13 17:39:09,973 - INFO - MainThread -    ACOSS: 234 series
2025-07-13 17:39:09,973 - INFO - MainThread - ================================================================================
2025-07-13 17:39:09,979 - WARNING - MainThread - No data found for ACOSS/ACOSS_STAT_QUARTERLY_PAYROLL_EMPLOYMENT/payroll_not_seasonally_adjusted.CA.levels.Q with given filters
2025-07-13 17:39:09,993 - INFO - MainThread - Generated freshness report for 234 series
2025-07-13 17:39:10,000 - INFO - MainThread - Retrieved catalog of 234 series
2025-07-13 17:39:10,013 - INFO - MainThread - Generated freshness report for 234 series
2025-07-13 17:39:10,013 - INFO - MainThread - Updating 0 stale series...
2025-07-13 17:39:10,013 - INFO - MainThread - Update completed: 0/0 successful
2025-07-13 17:39:10,013 - INFO - MainThread - Exporting all metadata to CSV files...
2025-07-13 17:39:10,020 - INFO - MainThread - Exported providers (1 rows) to db_nomics_production_data/providers_metadata.csv
2025-07-13 17:39:10,021 - INFO - MainThread - Exported datasets (2 rows) to db_nomics_production_data/datasets_metadata.csv
2025-07-13 17:39:10,104 - INFO - MainThread - Exported series_metadata (234 rows) to db_nomics_production_data/series_metadata_metadata.csv
2025-07-13 17:39:10,107 - INFO - MainThread - Exported data_freshness (235 rows) to db_nomics_production_data/data_freshness_metadata.csv
2025-07-13 17:39:10,111 - INFO - MainThread - Exported series_dimensions (936 rows) to db_nomics_production_data/series_dimensions_metadata.csv
2025-07-13 17:39:10,114 - INFO - MainThread - Exported processing_log (235 rows) to db_nomics_production_data/processing_log_metadata.csv
2025-07-13 17:39:10,114 - INFO - MainThread - Metadata export completed!
2025-07-13 17:39:10,127 - INFO - MainThread - Generated freshness report for 234 series
